5491170604229:ENCOLADO ans_e295da37-b58f-4a98-9c52-f8329bd82a35
EJECUTANDO:ans_e295da37-b58f-4a98-9c52-f8329bd82a35
5491170604229:SUCCESS
5491170604229:ENCOLADO ans_2c144c5b-7a4a-4416-af0d-d54f9b6a14b4
EJECUTANDO:ans_2c144c5b-7a4a-4416-af0d-d54f9b6a14b4
5491170604229:SUCCESS
5491170604229:ENCOLADO ans_cd492142-b9d9-49f1-87c5-3ca482cf076f
EJECUTANDO:ans_cd492142-b9d9-49f1-87c5-3ca482cf076f
5491170604229:SUCCESS
5491170604229:ENCOLADO ans_5797741b-0f87-4932-918e-628b1ec73025
EJECUTANDO:ans_5797741b-0f87-4932-918e-628b1ec73025
5491170604229:SUCCESS
5491170604229:ENCOLADO ans_16dfc092-2f35-426b-b85a-0a85c58c7c62
EJECUTANDO:ans_16dfc092-2f35-426b-b85a-0a85c58c7c62
5491170604229:SUCCESS
5491170604229:ENCOLADO ans_dc718b82-a059-4285-a8e3-f4f7f8158001
EJECUTANDO:ans_dc718b82-a059-4285-a8e3-f4f7f8158001
5491170604229:SUCCESS
5491170604229:ENCOLADO ans_a36e6c01-0ccb-414d-a54a-3db507a70ec8
EJECUTANDO:ans_a36e6c01-0ccb-414d-a54a-3db507a70ec8
5491170604229:SUCCESS
5491170604229:ENCOLADO ans_04ea33c1-d3fd-469d-af90-079f526d1bad
EJECUTANDO:ans_04ea33c1-d3fd-469d-af90-079f526d1bad
5491170604229:SUCCESS
5491170604229:ENCOLADO ans_e295da37-b58f-4a98-9c52-f8329bd82a35
EJECUTANDO:ans_e295da37-b58f-4a98-9c52-f8329bd82a35
5491170604229:SUCCESS
5491170604229:ENCOLADO ans_2c144c5b-7a4a-4416-af0d-d54f9b6a14b4
EJECUTANDO:ans_2c144c5b-7a4a-4416-af0d-d54f9b6a14b4
5491170604229:SUCCESS
5491170604229:ENCOLADO ans_cd492142-b9d9-49f1-87c5-3ca482cf076f
EJECUTANDO:ans_cd492142-b9d9-49f1-87c5-3ca482cf076f
5491170604229:SUCCESS
5491170604229:ENCOLADO ans_5797741b-0f87-4932-918e-628b1ec73025
EJECUTANDO:ans_5797741b-0f87-4932-918e-628b1ec73025
5491170604229:SUCCESS
5491170604229:ENCOLADO ans_01fa0724-cde2-4794-802c-3aa5d80f0bc7
EJECUTANDO:ans_01fa0724-cde2-4794-802c-3aa5d80f0bc7
5491170604229:SUCCESS
5491170604229:ENCOLADO ans_e295da37-b58f-4a98-9c52-f8329bd82a35
EJECUTANDO:ans_e295da37-b58f-4a98-9c52-f8329bd82a35
5491170604229:SUCCESS
5491170604229:ENCOLADO ans_2c144c5b-7a4a-4416-af0d-d54f9b6a14b4
EJECUTANDO:ans_2c144c5b-7a4a-4416-af0d-d54f9b6a14b4
5491170604229:SUCCESS
5491170604229:ENCOLADO ans_cd492142-b9d9-49f1-87c5-3ca482cf076f
EJECUTANDO:ans_cd492142-b9d9-49f1-87c5-3ca482cf076f
5491170604229:SUCCESS
5491170604229:ENCOLADO ans_5797741b-0f87-4932-918e-628b1ec73025
EJECUTANDO:ans_5797741b-0f87-4932-918e-628b1ec73025
5491170604229:SUCCESS
5491170604229:ENCOLADO ans_16dfc092-2f35-426b-b85a-0a85c58c7c62
EJECUTANDO:ans_16dfc092-2f35-426b-b85a-0a85c58c7c62
5491170604229:SUCCESS
5491170604229:ENCOLADO ans_01fdaa34-830a-4e30-99ec-1a2b9b21ef87
EJECUTANDO:ans_01fdaa34-830a-4e30-99ec-1a2b9b21ef87
5491170604229:SUCCESS
5491170604229:ENCOLADO ans_6a6d62fc-6add-458e-94b7-02448a63c3b6
EJECUTANDO:ans_6a6d62fc-6add-458e-94b7-02448a63c3b6
5491170604229:SUCCESS
5491170604229:ENCOLADO ans_f088447f-caff-452d-9b01-22b3e7ac4dae
EJECUTANDO:ans_f088447f-caff-452d-9b01-22b3e7ac4dae
5491170604229:SUCCESS
5491170604229:ENCOLADO ans_19045d0a-53f5-4757-a091-c143d49d14bc
EJECUTANDO:ans_19045d0a-53f5-4757-a091-c143d49d14bc
5491170604229:SUCCESS
5491130837712:ENCOLADO ans_e295da37-b58f-4a98-9c52-f8329bd82a35
EJECUTANDO:ans_e295da37-b58f-4a98-9c52-f8329bd82a35
5491130837712:SUCCESS
5491130837712:ENCOLADO ans_2c144c5b-7a4a-4416-af0d-d54f9b6a14b4
EJECUTANDO:ans_2c144c5b-7a4a-4416-af0d-d54f9b6a14b4
5491130837712:SUCCESS
5491130837712:ENCOLADO ans_cd492142-b9d9-49f1-87c5-3ca482cf076f
EJECUTANDO:ans_cd492142-b9d9-49f1-87c5-3ca482cf076f
5491130837712:SUCCESS
5491130837712:ENCOLADO ans_5797741b-0f87-4932-918e-628b1ec73025
EJECUTANDO:ans_5797741b-0f87-4932-918e-628b1ec73025
5491130837712:SUCCESS
5491130837712:ENCOLADO ans_16dfc092-2f35-426b-b85a-0a85c58c7c62
EJECUTANDO:ans_16dfc092-2f35-426b-b85a-0a85c58c7c62
5491130837712:SUCCESS
5491130837712:ENCOLADO ans_dc718b82-a059-4285-a8e3-f4f7f8158001
EJECUTANDO:ans_dc718b82-a059-4285-a8e3-f4f7f8158001
5491130837712:SUCCESS
